Base path: E:/Program/Unity4.6.5/Editor/Data
Pipe name: \\.\pipe\UnityShaderCompiler-4-6112
Cmd: getPlatforms
Cmd: compileSnippet
  api=8 type=0 insize=5557 outsize=6614 kw=DIRECTIONAL SHADOWS_OFF LIGHTMAP_OFF DIRLIGHTMAP_OFF ok=1
Cmd: compileSnippet
  api=0 type=0 insize=5557 outsize=2359 kw=DIRECTIONAL SHADOWS_SCREEN LIGHTMAP_OFF DIRLIGHTMAP_OFF VERTEXLIGHT_ON ok=1
Cmd: compileSnippet
  api=1 type=1 insize=5557 outsize=795 kw=DIRECTIONAL SHADOWS_OFF LIGHTMAP_OFF DIRLIGHTMAP_OFF ok=1
Cmd: compileSnippet
  api=1 type=1 insize=5557 outsize=854 kw=DIRECTIONAL SHADOWS_SCREEN LIGHTMAP_OFF DIRLIGHTMAP_OFF ok=1
Cmd: compileSnippet
  api=8 type=0 insize=3341 outsize=6045 kw=POINT ok=1
Cmd: compileSnippet
  api=1 type=0 insize=3341 outsize=973 kw=SPOT ok=1
Cmd: compileSnippet
  api=0 type=0 insize=3341 outsize=1438 kw=POINT_COOKIE ok=1
Cmd: compileSnippet
  api=8 type=0 insize=3341 outsize=6045 kw=POINT_COOKIE ok=1
Cmd: compileSnippet
  api=0 type=1 insize=3341 outsize=698 kw=DIRECTIONAL ok=1
Cmd: compileSnippet
  api=1 type=1 insize=3341 outsize=642 kw=DIRECTIONAL ok=1
Cmd: compileSnippet
  api=0 type=1 insize=3341 outsize=1107 kw=SPOT ok=1
Cmd: compileSnippet
  api=8 type=1 insize=3341 outsize=4453 kw=SPOT ok=1
Cmd: compileSnippet
  api=1 type=1 insize=3341 outsize=716 kw=DIRECTIONAL_COOKIE ok=1
Cmd: compileSnippet
  api=1 type=1 insize=942 outsize=81 kw= ok=1
Cmd: compileSnippet
  api=1 type=1 insize=1203 outsize=217 kw= ok=1
Cmd: compileSnippet
  api=8 type=0 insize=1322 outsize=1950 kw= ok=1
Cmd: compileSnippet
  api=1 type=1 insize=1322 outsize=462 kw= ok=1
Cmd: compileSnippet
  api=1 type=1 insize=1274 outsize=236 kw= ok=1
Cmd: compileSnippet
  api=1 type=0 insize=1260 outsize=186 kw= ok=1
Cmd: compileSnippet
  api=8 type=1 insize=1260 outsize=2535 kw= ok=1
Cmd: compileSnippet
  api=8 type=0 insize=1282 outsize=1950 kw= ok=1
Cmd: compileSnippet
  api=1 type=0 insize=1222 outsize=186 kw= ok=1
Cmd: compileSnippet
  api=1 type=1 insize=1222 outsize=246 kw= ok=1
Cmd: compileSnippet
  api=1 type=1 insize=1218 outsize=246 kw= ok=1
Cmd: compileSnippet
  api=1 type=1 insize=1277 outsize=205 kw= ok=1
Cmd: compileSnippet
  api=8 type=0 insize=1333 outsize=1950 kw= ok=1
Cmd: compileSnippet
  api=8 type=1 insize=1333 outsize=1633 kw= ok=1
Cmd: compileSnippet
  api=8 type=0 insize=1051 outsize=1690 kw= ok=1
Cmd: compileSnippet
  api=8 type=1 insize=1051 outsize=2015 kw= ok=1
Cmd: compileSnippet
  api=8 type=0 insize=1041 outsize=1812 kw= ok=1
Cmd: compileSnippet
  api=8 type=1 insize=1041 outsize=1390 kw= ok=1
Unhandled exception: Readfile from pipe failed. GLE=管道已結束。


Quitting shader compiler process
